INFO 2025-07-14 12:27:52,803 views Webhook received data: {'instance_id': '687279DC34951', 'data': {'event': 'contacts.update', 'data': [{'id': '918076135955@s.whatsapp.net', 'notify': '~ Alok Kumar'}]}}
ERROR 2025-07-14 12:27:53,025 views Error processing webhook: You cannot access body after reading from request's data stream
ERROR 2025-07-14 12:27:53,025 views Error processing webhook: You cannot access body after reading from request's data stream
ERROR 2025-07-14 12:27:53,037 views Error processing webhook: You cannot access body after reading from request's data stream
Webhook received data: {'instance_id': '687279DC34951', 'data': {'event': 'contacts.update', 'data': [{'id': '918910099293@s.whatsapp.net', 'notify': 'Uzi World Digital', 'verifiedName': 'Uzi World Digital'}]}}
Error processing webhook: string indices must be integers, not 'str'
Webhook received data: {'instance_id': '687279DC34951', 'data': {'event': 'contacts.update', 'data': [{'id': '919106733751@s.whatsapp.net', 'notify': 'KAJAL NAYI', 'verifiedName': 'KAJAL NAYI'}]}}
Error processing webhook: string indices must be integers, not 'str'
Webhook received data: {'instance_id': '687279DC34951', 'data': {'event': 'messages.upsert', 'data': {'messages': [{'key': {'remoteJid': '919958533646@s.whatsapp.net', 'fromMe': True, 'id': '3EB0A6701859C694A4576F'}, 'messageTimestamp': 1752477214, 'pushName': 'Innovate IT Labs (P)', 'broadcast': False, 'status': 2, 'message': {'conversation': 'i need a developer'}}], 'type': 'notify'}}}
Error processing webhook: string indices must be integers, not 'str'
Webhook received data: {'instance_id': '687279DC34951', 'data': {'event': 'messages.update', 'data': [{'key': {'remoteJid': '919958533646@s.whatsapp.net', 'id': '3EB0A6701859C694A4576F', 'fromMe': True}, 'update': {'status': 3}}]}}
Webhook received data: {'instance_id': '687279DC34951', 'data': {'event': 'messages.update', 'data': [{'key': {'remoteJid': '919958533646:16@s.whatsapp.net', 'id': '3EB0A6701859C694A4576F', 'fromMe': True}, 'update': {}}]}}
Webhook received data: {'instance_id': '687279DC34951', 'data': {'event': 'messages.upsert', 'data': {'messages': [{'key': {'remoteJid': '919958533646@s.whatsapp.net', 'fromMe': True, 'id': '3EB01A83758C329B61776E'}, 'messageTimestamp': 1752477410, 'pushName': 'Innovate IT Labs (P)', 'broadcast': False, 'status': 2, 'message': {'conversation': 'developer'}}], 'type': 'notify'}}}
Webhook received data: {'instance_id': '687279DC34951', 'data': {'event': 'messages.update', 'data': [{'key': {'remoteJid': '919958533646@s.whatsapp.net', 'id': '3EB01A83758C329B61776E', 'fromMe': True}, 'update': {'status': 3}}]}}
Message forwarded to Telegram: developer...
Processed message - Relevant: True, Text: developer...
Webhook received data: {'instance_id': '687279DC34951', 'data': {'event': 'messages.update', 'data': [{'key': {'remoteJid': '919958533646:16@s.whatsapp.net', 'id': '3EB01A83758C329B61776E', 'fromMe': True}, 'update': {}}]}}
Webhook received data: {'instance_id': '687279DC34951', 'data': {'event': 'contacts.update', 'data': [{'id': '923070475412@s.whatsapp.net', 'notify': 'bisma khan'}]}}
Webhook received data: {'instance_id': '687279DC34951', 'data': {'event': 'messages.update', 'data': [{'key': {'remoteJid': '919958533646:16@s.whatsapp.net', 'id': '3EB01A83758C329B61776E', 'fromMe': True}, 'update': {'status': 3}}]}}
Processed message - Relevant: False, Text: Whatsapp Number kon uunban krsktaa hy jo Unban krk...
Webhook received data: {'instance_id': '687279DC34951', 'data': {'event': 'messages.upsert', 'data': {'messages': [{'key': {'remoteJid': '919958533646@s.whatsapp.net', 'fromMe': True, 'id': '3EB061DF804B025849A81F'}, 'messageTimestamp': 1752477741, 'pushName': 'Innovate IT Labs (P)', 'broadcast': False, 'status': 2, 'message': {'conversation': 'i need a web developer'}}], 'type': 'notify'}}}
Webhook received data: {'instance_id': '687279DC34951', 'data': {'event': 'messages.update', 'data': [{'key': {'remoteJid': '919958533646@s.whatsapp.net', 'id': '3EB061DF804B025849A81F', 'fromMe': True}, 'update': {'status': 3}}]}}
Message forwarded to Telegram: i need a web developer...
Processed message - Relevant: True, Text: i need a web developer...
Webhook received data: {'instance_id': '687279DC34951', 'data': {'event': 'messages.update', 'data': [{'key': {'remoteJid': '919958533646:16@s.whatsapp.net', 'id': '3EB061DF804B025849A81F', 'fromMe': True}, 'update': {}}]}}
Webhook received data: {'instance_id': '687279DC34951', 'data': {'event': 'contacts.update', 'data': [{'id': '254742014555@s.whatsapp.net', 'notify': 'kelvin', 'verifiedName': 'kelvin'}]}}
Webhook received data: {'instance_id': '687279DC34951', 'data': {'event': 'messages.upsert', 'data': {'messages': [{'key': {'remoteJid': '120363172642217573@g.us', 'fromMe': False, 'id': '1B50A2034B28629E157F377A340871C6', 'participant': '254742014555@s.whatsapp.net'}, 'messageTimestamp': 1752477770, 'pushName': 'kelvin', 'broadcast': False, 'message': {'conversation': 'Us prolific accounts available 5pieces with studies linked with PayPal plus proxy with only 8k and texting factory available also 10k dm if you got a legit buyer I got some coins for sale face to face deal or escrow accepted also', 'messageContextInfo': {'deviceListMetadata': {'recipientKeyHash': '6wjkELQbvr/32g==', 'recipientTimestamp': '1752397518'}, 'deviceListMetadataVersion': 2, 'messageSecret': '/p/dB4azd7OeJ36EMVTWDG1RqMVGl93NSwoPDh1qrFw='}}, 'verifiedBizName': 'kelvin'}], 'type': 'notify'}}}
Webhook received data: {'instance_id': '687279DC34951', 'data': {'event': 'received_message', 'message': {'body_message': {'content': 'Us prolific accounts available 5pieces with studies linked with PayPal plus proxy with only 8k and texting factory available also 10k dm if you got a legit buyer I got some coins for sale face to face deal or escrow accepted also', 'type': 'textMessage', 'messages': {'conversation': 'Us prolific accounts available 5pieces with studies linked with PayPal plus proxy with only 8k and texting factory available also 10k dm if you got a legit buyer I got some coins for sale face to face deal or escrow accepted also', 'messageContextInfo': {'deviceListMetadata': {'recipientKeyHash': '6wjkELQbvr/32g==', 'recipientTimestamp': '1752397518'}, 'deviceListMetadataVersion': 2, 'messageSecret': '/p/dB4azd7OeJ36EMVTWDG1RqMVGl93NSwoPDh1qrFw='}}}, 'message_key': {'remoteJid': '120363172642217573@g.us', 'fromMe': False, 'id': '1B50A2034B28629E157F377A340871C6', 'participant': '254742014555@s.whatsapp.net'}, 'push_name': 'kelvin', 'from_contact': '120363172642217573'}}}
Processed message - Relevant: False, Text: Us prolific accounts available 5pieces with studie...
Webhook received data: {'instance_id': '687279DC34951', 'data': {'event': 'messages.upsert', 'data': {'messages': [{'key': {'remoteJid': '120363172642217573@g.us', 'fromMe': False, 'id': '6EA9C0CDF4FE71DE7C9576566873D891', 'participant': '2347051058211@s.whatsapp.net'}, 'messageTimestamp': 1752477772, 'pushName': 'Verma c', 'broadcast': False, 'message': {'conversation': 'Welcome, thank you for contacting Verma, I suppose your here on guidance on how to earn money daily from home if (YES) send a yes reply and I will get back to you shortly.', 'senderKeyDistributionMessage': {'groupId': '120363172642217573@g.us', 'axolotlSenderKeyDistributionMessage': 'MwisrbHcARAAGiBajz2grEAqJNqC78DC8nNV2H3P3YbS2wPlTZKdWBGZeyIhBYPjMVzd5OMEQBSVdf4Hc7UTPihn3wVCrFfPJLeN0kpW'}, 'messageContextInfo': {'messageSecret': 'KYLQfkziuAsraRvw1bSenZTYJNUeCh4k8dMZ7f4UBNI='}}, 'verifiedBizName': 'Verma c'}], 'type': 'notify'}}}
Webhook received data: {'instance_id': '687279DC34951', 'data': {'event': 'received_message', 'message': {'body_message': {'content': 'Welcome, thank you for contacting Verma, I suppose your here on guidance on how to earn money daily from home if (YES) send a yes reply and I will get back to you shortly.', 'type': 'textMessage', 'messages': {'conversation': 'Welcome, thank you for contacting Verma, I suppose your here on guidance on how to earn money daily from home if (YES) send a yes reply and I will get back to you shortly.', 'senderKeyDistributionMessage': {'groupId': '120363172642217573@g.us', 'axolotlSenderKeyDistributionMessage': 'MwisrbHcARAAGiBajz2grEAqJNqC78DC8nNV2H3P3YbS2wPlTZKdWBGZeyIhBYPjMVzd5OMEQBSVdf4Hc7UTPihn3wVCrFfPJLeN0kpW'}, 'messageContextInfo': {'messageSecret': 'KYLQfkziuAsraRvw1bSenZTYJNUeCh4k8dMZ7f4UBNI='}}}, 'message_key': {'remoteJid': '120363172642217573@g.us', 'fromMe': False, 'id': '6EA9C0CDF4FE71DE7C9576566873D891', 'participant': '2347051058211@s.whatsapp.net'}, 'push_name': 'Verma c', 'from_contact': '120363172642217573'}}}
Webhook received data: {'instance_id': '687279DC34951', 'data': {'event': 'contacts.update', 'data': [{'id': '2347051058211@s.whatsapp.net', 'notify': 'Verma c', 'verifiedName': 'Verma c'}]}}
Processed message - Relevant: False, Text: Welcome, thank you for contacting Verma, I suppose...
Webhook received data: {'instance_id': '687279DC34951', 'data': {'event': 'contacts.update', 'data': [{'id': '2347051058211@s.whatsapp.net', 'notify': 'Verma c'}]}}
Webhook received data: {'instance_id': '687279DC34951', 'data': {'event': 'contacts.update', 'data': [{'id': '918860617647@s.whatsapp.net', 'notify': 'abhijeet.gautum'}]}}
Webhook received data: {'instance_id': '687279DC34951', 'data': {'event': 'messages.update', 'data': [{'key': {'remoteJid': '919958533646@s.whatsapp.net', 'id': '3EB061DF804B025849A81F', 'fromMe': True}, 'update': {'status': 4}}, {'key': {'remoteJid': '919958533646@s.whatsapp.net', 'id': '3EB01A83758C329B61776E', 'fromMe': True}, 'update': {'status': 4}}, {'key': {'remoteJid': '919958533646@s.whatsapp.net', 'id': '3EB0A6701859C694A4576F', 'fromMe': True}, 'update': {'status': 4}}, {'key': {'remoteJid': '919958533646@s.whatsapp.net', 'id': '3EB0FD209B22BD7571EA95', 'fromMe': True}, 'update': {'status': 4}}]}}
Webhook received data: {'instance_id': '687279DC34951', 'data': {'event': 'messages.update', 'data': [{'key': {'remoteJid': '919958533646:16@s.whatsapp.net', 'id': '3EB061DF804B025849A81F', 'fromMe': True}, 'update': {'status': 3}}]}}
Webhook received data: {'instance_id': '687279DC34951', 'data': {'event': 'messages.upsert', 'data': {'messages': [{'key': {'remoteJid': '919958533646@s.whatsapp.net', 'fromMe': False, 'id': 'CADFD13343F72E17659E38049D4A39C2'}, 'messageTimestamp': 1752477871, 'pushName': 'Himanshi Gupta', 'broadcast': False, 'message': {'conversation': 'I need web developer', 'messageContextInfo': {'deviceListMetadata': {'senderKeyHash': 'JKvVhQdJ62/tRw==', 'senderTimestamp': '1752320379', 'recipientKeyHash': '6wjkELQbvr/32g==', 'recipientTimestamp': '1752397518'}, 'deviceListMetadataVersion': 2, 'messageSecret': 'qJ2C06YOjaYl3KoGN/RpN4FMAfvoYz47GbFbm7fVZgA='}}}], 'type': 'notify'}}}
Webhook received data: {'instance_id': '687279DC34951', 'data': {'event': 'contacts.update', 'data': [{'id': '919958533646@s.whatsapp.net', 'notify': 'Himanshi Gupta'}]}}
Webhook received data: {'instance_id': '687279DC34951', 'data': {'event': 'received_message', 'message': {'body_message': {'content': 'I need web developer', 'type': 'textMessage', 'messages': {'conversation': 'I need web developer', 'messageContextInfo': {'deviceListMetadata': {'senderKeyHash': 'JKvVhQdJ62/tRw==', 'senderTimestamp': '1752320379', 'recipientKeyHash': '6wjkELQbvr/32g==', 'recipientTimestamp': '1752397518'}, 'deviceListMetadataVersion': 2, 'messageSecret': 'qJ2C06YOjaYl3KoGN/RpN4FMAfvoYz47GbFbm7fVZgA='}}}, 'message_key': {'remoteJid': '919958533646@s.whatsapp.net', 'fromMe': False, 'id': 'CADFD13343F72E17659E38049D4A39C2'}, 'push_name': 'Himanshi Gupta', 'from_contact': '919958533646'}}}
Webhook received data: {'instance_id': '687279DC34951', 'data': {'event': 'messages.update', 'data': [{'key': {'remoteJid': '919958533646@s.whatsapp.net', 'id': 'CADFD13343F72E17659E38049D4A39C2', 'fromMe': False}, 'update': {'status': 4}}]}}
Message forwarded to Telegram: I need web developer...
Processed message - Relevant: True, Text: I need web developer...
Webhook received data: {'instance_id': '687279DC34951', 'data': {'event': 'contacts.update', 'data': [{'id': '918130572652@s.whatsapp.net', 'notify': '.'}, {'id': '919958533646@s.whatsapp.net', 'notify': 'Himanshi Gupta'}, {'id': '918176073288@s.whatsapp.net', 'notify': 'Vishwaas Wallah', 'verifiedName': 'Vishwaas Wallah'}]}}
Message forwarded to Telegram: Hey need a developer...
Processed message - Relevant: True, Text: Hey need a developer...
Webhook received data: {'instance_id': '687279DC34951', 'data': {'event': 'received_message', 'message': {'body_message': {'content': 'Hey need a developer', 'type': 'textMessage', 'messages': {'conversation': 'Hey need a developer', 'senderKeyDistributionMessage': {'groupId': '120363403564122276@g.us', 'axolotlSenderKeyDistributionMessage': 'Mwi+qte7BRAAGiCbufh/05vkvrkaR30DzZXwasWoXs0udkiVAxaEUn1ArSIhBT/cB4+v3QN9ztb2+bCW4xn+Cu/ghQ8uiueitGRdaOlL'}, 'messageContextInfo': {'messageSecret': 'bGwo8ZqE7bF/C1injNRxK3G1sFbTkgEYQX0D+mFMy7w='}}}, 'message_key': {'remoteJid': '120363403564122276@g.us', 'fromMe': False, 'id': 'D5CF11F105A03CF4EB7EF516D90CBCC5', 'participant': '919958533646@s.whatsapp.net'}, 'push_name': 'Himanshi Gupta', 'from_contact': '120363403564122276'}}}
Webhook received data: {'instance_id': '687279DC34951', 'data': {'event': 'new subscriber', 'data': {'suscriptorId': 17247, 'chatid': '120363403564122276@g.us', 'instance_id': '687279DC34951', 'newData': {'inputName': 'created', 'value': '2025-07-14T07:26:08.356Z'}, 'data': {'created': '2025-07-14T07:26:08.356Z'}}}}
Webhook received data: {'instance_id': '687279DC34951', 'data': {'event': 'contacts.update', 'data': [{'id': '919451797820@s.whatsapp.net', 'notify': '~'}]}}
Webhook received data: {'instance_id': '687279DC34951', 'data': {'event': 'contacts.update', 'data': [{'id': '25516920852558@lid', 'notify': 'Aoun Abbas', 'verifiedName': 'Aoun Abbas'}]}}
Webhook received data: {'instance_id': '687279DC34951', 'data': {'event': 'messages.update', 'data': [{'key': {'remoteJid': '120363383785218919@g.us', 'fromMe': False, 'id': '48913CF840702EB8556799C1C7402492', 'participant': '25516920852558@lid'}, 'update': {'message': None, 'messageStubType': 1, 'key': {'remoteJid': '120363383785218919@g.us', 'fromMe': False, 'id': '22ED207A0E13CD149D1B3982C5A1A148', 'participant': '25516920852558@lid'}}}]}}
Webhook received data: {'instance_id': '687279DC34951', 'data': {'event': 'messages.upsert', 'data': {'messages': [{'key': {'remoteJid': '120363403564122276@g.us', 'fromMe': False, 'id': 'F128C9C38BB5574D772DF8566BCBF791', 'participant': '919958533646@s.whatsapp.net'}, 'messageTimestamp': 1752478176, 'pushName': 'Himanshi Gupta', 'broadcast': False, 'message': {'conversation': 'I need a web developer', 'messageContextInfo': {'messageSecret': '4BLtavFc33kOWuAsgtdthTBwcRTPq9kbY8pmNhlvql8='}}}], 'type': 'notify'}}}
Webhook received data: {'instance_id': '687279DC34951', 'data': {'event': 'received_message', 'message': {'body_message': {'content': 'I need a web developer', 'type': 'textMessage', 'messages': {'conversation': 'I need a web developer', 'messageContextInfo': {'messageSecret': '4BLtavFc33kOWuAsgtdthTBwcRTPq9kbY8pmNhlvql8='}}}, 'message_key': {'remoteJid': '120363403564122276@g.us', 'fromMe': False, 'id': 'F128C9C38BB5574D772DF8566BCBF791', 'participant': '919958533646@s.whatsapp.net'}, 'push_name': 'Himanshi Gupta', 'from_contact': '120363403564122276'}}}
Webhook received data: {'instance_id': '687279DC34951', 'data': {'event': 'contacts.update', 'data': [{'id': '919958533646@s.whatsapp.net', 'notify': 'Himanshi Gupta'}]}}
Message forwarded to Telegram: I need a web developer...
Processed message - Relevant: True, Text: I need a web developer...
Webhook received data: {'instance_id': '687279DC34951', 'data': {'event': 'contacts.update', 'data': [{'id': '919013016067@s.whatsapp.net', 'notify': 'arpit nigam'}]}}
Webhook received data: {'instance_id': '687279DC34951', 'data': {'event': 'received_message', 'message': {'body_message': {'content': 'Need a developer', 'type': 'textMessage', 'messages': {'conversation': 'Need a developer', 'messageContextInfo': {'messageSecret': '363t5X9lgzP4Lee5GlZ4pCk8z9zyas4uzIH/9B+UEL0='}}}, 'message_key': {'remoteJid': '120363403564122276@g.us', 'fromMe': False, 'id': 'EC777A7F2B2372E053A1123E133D57AC', 'participant': '919958533646@s.whatsapp.net'}, 'push_name': 'Himanshi Gupta', 'from_contact': '120363403564122276'}}}
Webhook received data: {'instance_id': '687279DC34951', 'data': {'event': 'contacts.update', 'data': [{'id': '919958533646@s.whatsapp.net', 'notify': 'Himanshi Gupta'}]}}
Webhook received data: {'instance_id': '687279DC34951', 'data': {'event': 'messages.upsert', 'data': {'messages': [{'key': {'remoteJid': '120363403564122276@g.us', 'fromMe': False, 'id': 'EC777A7F2B2372E053A1123E133D57AC', 'participant': '919958533646@s.whatsapp.net'}, 'messageTimestamp': 1752478246, 'pushName': 'Himanshi Gupta', 'broadcast': False, 'message': {'conversation': 'Need a developer', 'messageContextInfo': {'messageSecret': '363t5X9lgzP4Lee5GlZ4pCk8z9zyas4uzIH/9B+UEL0='}}}], 'type': 'notify'}}}
Message forwarded to Telegram with details
Message forwarded to Telegram with details
Error processing webhook: 'str' object cannot be interpreted as an integer
Message forwarded to Telegram with details
Message forwarded to Telegram with details
Message forwarded to Telegram with details
Error processing webhook: 'str' object cannot be interpreted as an integer
Message forwarded to Telegram with details
Error processing webhook: 'str' object cannot be interpreted as an integer
Error processing webhook: 'str' object cannot be interpreted as an integer
Message forwarded to Telegram with details
Error processing webhook: 'str' object cannot be interpreted as an integer
Opportunity forwarded: Need Wordpress web developer
DM your portfolio now...
Opportunity forwarded: Need Wordpress web developer
DM your portfolio now...
Opportunity forwarded: Need a Website? Want to Take Your Business Online?...
